# JRE version: Java(TM) SE Runtime Environment (8.0_161-b12) (build 1.8.0_161-b12)
# Java VM: Java HotSpot(TM) 64-Bit Server VM (25.161-b12 mixed mode windows-amd64 compressed oops)
Heap:
 PSYoungGen      total 37888K, used 34752K [0x00000000d6000000, 0x00000000daa00000, 0x0000000100000000)
  eden space 32768K, 90% used [0x00000000d6000000,0x00000000d7cf43e0,0x00000000d8000000)
  from space 5120K, 99% used [0x00000000d8500000,0x00000000d89fbf68,0x00000000d8a00000)
  to   space 5120K, 0% used [0x00000000d8000000,0x00000000d8000000,0x00000000d8500000)
 ParOldGen       total 86016K, used 47151K [0x0000000082000000, 0x0000000087400000, 0x00000000d6000000)
  object space 86016K, 54% used [0x0000000082000000,0x0000000084e0bc20,0x0000000087400000)
 Metaspace       used 15592K, capacity 15858K, committed 16000K, reserved 1062912K
  class space    used 1806K, capacity 1915K, committed 1920K, reserved 1048576K
GC Heap History (10 events):
Event: 6.730 GC heap before
{Heap before GC invocations=2 (full 0):
 PSYoungGen      total 37888K, used 36617K [0x00000000d6000000, 0x00000000d8a00000, 0x0000000100000000)
  eden space 32768K, 99% used [0x00000000d6000000,0x00000000d7fcabc8,0x00000000d8000000)
  from space 5120K, 79% used [0x00000000d8000000,0x00000000d83f7a70,0x00000000d8500000)
  to   space 5120K, 0% used [0x00000000d8500000,0x00000000d8500000,0x00000000d8a00000)
 ParOldGen       total 86016K, used 31K [0x0000000082000000, 0x0000000087400000, 0x00000000d6000000)
  object space 86016K, 0% used [0x0000000082000000,0x0000000082007c60,0x0000000087400000)
 Metaspace       used 15199K, capacity 15474K, committed 15744K, reserved 1062912K
  class space    used 1806K, capacity 1915K, committed 1920K, reserved 1048576K
Event: 6.735 GC heap after
Heap after GC invocations=2 (full 0):
 PSYoungGen      total 37888K, used 5089K [0x00000000d6000000, 0x00000000d8a00000, 0x0000000100000000)
  eden space 32768K, 0% used [0x00000000d6000000,0x00000000d6000000,0x00000000d8000000)
  from space 5120K, 99% used [0x00000000d8500000,0x00000000d89f8440,0x00000000d8a00000)
  to   space 5120K, 0% used [0x00000000d8000000,0x00000000d8000000,0x00000000d8500000)
 ParOldGen       total 86016K, used 1955K [0x0000000082000000, 0x0000000087400000, 0x00000000d6000000)
  object space 86016K, 2% used [0x0000000082000000,0x00000000821e8f30,0x0000000087400000)
 Metaspace       used 15199K, capacity 15474K, committed 15744K, reserved 1062912K
  class space    used 1806K, capacity 1915K, committed 1920K, reserved 1048576K
}
Event: 6.899 GC heap before
{Heap before GC invocations=3 (full 0):
 PSYoungGen      total 37888K, used 36585K [0x00000000d6000000, 0x00000000d8a00000, 0x0000000100000000)
  eden space 32768K, 96% used [0x00000000d6000000,0x00000000d7ec2088,0x00000000d8000000)
  from space 5120K, 99% used [0x00000000d8500000,0x00000000d89f8440,0x00000000d8a00000)
  to   space 5120K, 0% used [0x00000000d8000000,0x00000000d8000000,0x00000000d8500000)
 ParOldGen       total 86016K, used 1955K [0x0000000082000000, 0x0000000087400000, 0x00000000d6000000)
  object space 86016K, 2% used [0x0000000082000000,0x00000000821e8f30,0x0000000087400000)
 Metaspace       used 15339K, capacity 15602K, committed 15744K, reserved 1062912K
  class space    used 1806K, capacity 1915K, committed 1920K, reserved 1048576K
Event: 6.903 GC heap after
Heap after GC invocations=3 (full 0):
 PSYoungGen      total 37888K, used 5101K [0x00000000d6000000, 0x00000000d8a00000, 0x0000000100000000)
  eden space 32768K, 0% used [0x00000000d6000000,0x00000000d6000000,0x00000000d8000000)
  from space 5120K, 99% used [0x00000000d8000000,0x00000000d84fb7e0,0x00000000d8500000)
  to   space 5120K, 0% used [0x00000000d8500000,0x00000000d8500000,0x00000000d8a00000)
 ParOldGen       total 86016K, used 2447K [0x0000000082000000, 0x0000000087400000, 0x00000000d6000000)
  object space 86016K, 2% used [0x0000000082000000,0x0000000082263f40,0x0000000087400000)
 Metaspace       used 15339K, capacity 15602K, committed 15744K, reserved 1062912K
  class space    used 1806K, capacity 1915K, committed 1920K, reserved 1048576K
}
Event: 7.050 GC heap before
{Heap before GC invocations=4 (full 0):
 PSYoungGen      total 37888K, used 36452K [0x00000000d6000000, 0x00000000d8a00000, 0x0000000100000000)
  eden space 32768K, 95% used [0x00000000d6000000,0x00000000d7e9d918,0x00000000d8000000)
  from space 5120K, 99% used [0x00000000d8000000,0x00000000d84fb7e0,0x00000000d8500000)
  to   space 5120K, 0% used [0x00000000d8500000,0x00000000d8500000,0x00000000d8a00000)
 ParOldGen       total 86016K, used 2447K [0x0000000082000000, 0x0000000087400000, 0x00000000d6000000)
  object space 86016K, 2% used [0x0000000082000000,0x0000000082263f40,0x0000000087400000)
 Metaspace       used 15394K, capacity 15666K, committed 15744K, reserved 1062912K
  class space    used 1806K, capacity 1915K, committed 1920K, reserved 1048576K
Event: 7.053 GC heap after
Heap after GC invocations=4 (full 0):
 PSYoungGen      total 37888K, used 5093K [0x00000000d6000000, 0x00000000daa00000, 0x0000000100000000)
  eden space 32768K, 0% used [0x00000000d6000000,0x00000000d6000000,0x00000000d8000000)
  from space 5120K, 99% used [0x00000000d8500000,0x00000000d89f97f0,0x00000000d8a00000)
  to   space 5120K, 0% used [0x00000000d8000000,0x00000000d8000000,0x00000000d8500000)
 ParOldGen       total 86016K, used 2671K [0x0000000082000000, 0x0000000087400000, 0x00000000d6000000)
  object space 86016K, 3% used [0x0000000082000000,0x000000008229bf40,0x0000000087400000)
 Metaspace       used 15394K, capacity 15666K, committed 15744K, reserved 1062912K
  class space    used 1806K, capacity 1915K, committed 1920K, reserved 1048576K
}
Event: 7.195 GC heap before
{Heap before GC invocations=5 (full 0):
 PSYoungGen      total 37888K, used 37105K [0x00000000d6000000, 0x00000000daa00000, 0x0000000100000000)
  eden space 32768K, 97% used [0x00000000d6000000,0x00000000d7f42ec0,0x00000000d8000000)
  from space 5120K, 99% used [0x00000000d8500000,0x00000000d89f97f0,0x00000000d8a00000)
  to   space 5120K, 0% used [0x00000000d8000000,0x00000000d8000000,0x00000000d8500000)
 ParOldGen       total 86016K, used 2671K [0x0000000082000000, 0x0000000087400000, 0x00000000d6000000)
  object space 86016K, 3% used [0x0000000082000000,0x000000008229bf40,0x0000000087400000)
 Metaspace       used 15464K, capacity 15730K, committed 16000K, reserved 1062912K
  class space    used 1806K, capacity 1915K, committed 1920K, reserved 1048576K
Event: 7.207 GC heap after
Heap after GC invocations=5 (full 0):
 PSYoungGen      total 37888K, used 5093K [0x00000000d6000000, 0x00000000daa00000, 0x0000000100000000)
  eden space 32768K, 0% used [0x00000000d6000000,0x00000000d6000000,0x00000000d8000000)
  from space 5120K, 99% used [0x00000000d8000000,0x00000000d84f9478,0x00000000d8500000)
  to   space 5120K, 0% used [0x00000000d8500000,0x00000000d8500000,0x00000000d8a00000)
 ParOldGen       total 86016K, used 39252K [0x0000000082000000, 0x0000000087400000, 0x00000000d6000000)
  object space 86016K, 45% used [0x0000000082000000,0x0000000084655060,0x0000000087400000)
 Metaspace       used 15464K, capacity 15730K, committed 16000K, reserved 1062912K
  class space    used 1806K, capacity 1915K, committed 1920K, reserved 1048576K
}
Event: 7.348 GC heap before
{Heap before GC invocations=6 (full 0):
 PSYoungGen      total 37888K, used 36077K [0x00000000d6000000, 0x00000000daa00000, 0x0000000100000000)
  eden space 32768K, 94% used [0x00000000d6000000,0x00000000d7e422e0,0x00000000d8000000)
  from space 5120K, 99% used [0x00000000d8000000,0x00000000d84f9478,0x00000000d8500000)
  to   space 5120K, 0% used [0x00000000d8500000,0x00000000d8500000,0x00000000d8a00000)
 ParOldGen       total 86016K, used 39252K [0x0000000082000000, 0x0000000087400000, 0x00000000d6000000)
  object space 86016K, 45% used [0x0000000082000000,0x0000000084655060,0x0000000087400000)
 Metaspace       used 15496K, capacity 15794K, committed 16000K, reserved 1062912K
  class space    used 1806K, capacity 1915K, committed 1920K, reserved 1048576K
Event: 7.352 GC heap after
Heap after GC invocations=6 (full 0):
 PSYoungGen      total 37888K, used 5103K [0x00000000d6000000, 0x00000000daa00000, 0x0000000100000000)
  eden space 32768K, 0% used [0x00000000d6000000,0x00000000d6000000,0x00000000d8000000)
  from space 5120K, 99% used [0x00000000d8500000,0x00000000d89fbf68,0x00000000d8a00000)
  to   space 5120K, 0% used [0x00000000d8000000,0x00000000d8000000,0x00000000d8500000)
 ParOldGen       total 86016K, used 47151K [0x0000000082000000, 0x0000000087400000, 0x00000000d6000000)
  object space 86016K, 54% used [0x0000000082000000,0x0000000084e0bc20,0x0000000087400000)
 Metaspace       used 15496K, capacity 15794K, committed 16000K, reserved 1062912K
  class space    used 1806K, capacity 1915K, committed 1920K, reserved 1048576K
}

